<?xml version="1.0" encoding="UTF-8"?>
<robot generator="Robot 6.0.2 (Python 3.10.5 on darwin)" generated="20230315 16:21:33.765" rpa="false" schemaversion="3">
<suite id="s1" name="testDemo6" source="/Users/thiti_w/Desktop/Software_Testing/RobotFramework/tests/testDemo6.robot">
<test id="s1-t1" name="Fill the Form and Navigate to the Child Window" line="43">
<kw name="Open the custom browser with the url" library="Resources" type="SETUP">
<arg>Edge</arg>
<arg>${test_link}</arg>
<kw name="Create Webdriver" library="SeleniumLibrary">
<arg>${browser}</arg>
<doc>Creates an instance of Selenium WebDriver.</doc>
<msg timestamp="20230315 16:21:33.862" level="INFO">Creating an instance of the Edge WebDriver.</msg>
<status status="PASS" starttime="20230315 16:21:33.862" endtime="20230315 16:21:40.440"/>
</kw>
<kw name="Go To" library="SeleniumLibrary">
<arg>${test_link}</arg>
<doc>Navigates the current browser window to the provided ``url``.</doc>
<msg timestamp="20230315 16:21:40.440" level="INFO">Opening url 'https://rahulshettyacademy.com/loginpagePractise/'</msg>
<status status="PASS" starttime="20230315 16:21:40.440" endtime="20230315 16:21:43.582"/>
</kw>
<status status="PASS" starttime="20230315 16:21:33.862" endtime="20230315 16:21:43.583"/>
</kw>
<kw name="Fill the login form" library="LandingPage">
<arg>${valid_username}</arg>
<arg>${valid_password}</arg>
<kw name="Input Text" library="SeleniumLibrary">
<arg>${username_locator}</arg>
<arg>${username}</arg>
<doc>Types the given ``text`` into the text field identified by ``locator``.</doc>
<msg timestamp="20230315 16:21:43.584" level="INFO">Typing text 'rahulshettyacademy' into text field 'username'.</msg>
<status status="PASS" starttime="20230315 16:21:43.583" endtime="20230315 16:21:44.897"/>
</kw>
<kw name="Input Password" library="SeleniumLibrary">
<arg>${password_locator}</arg>
<arg>${password}</arg>
<doc>Types the given password into the text field identified by ``locator``.</doc>
<msg timestamp="20230315 16:21:44.898" level="INFO">Typing password into text field 'password'.</msg>
<msg timestamp="20230315 16:21:44.960" level="INFO">Temporally setting log level to: NONE</msg>
<msg timestamp="20230315 16:21:45.449" level="INFO">Log level changed from NONE to INFO.</msg>
<status status="PASS" starttime="20230315 16:21:44.897" endtime="20230315 16:21:45.449"/>
</kw>
<status status="PASS" starttime="20230315 16:21:43.583" endtime="20230315 16:21:45.449"/>
</kw>
<kw name="Select radio" library="LandingPage">
<arg>${radio_value}</arg>
<kw name="Select Radio Button" library="SeleniumLibrary">
<arg>${radio_name}</arg>
<arg>${choice}</arg>
<doc>Sets the radio button group ``group_name`` to ``value``.</doc>
<msg timestamp="20230315 16:21:45.450" level="INFO">Selecting 'user' from radio button 'radio'.</msg>
<status status="PASS" starttime="20230315 16:21:45.450" endtime="20230315 16:21:46.208"/>
</kw>
<status status="PASS" starttime="20230315 16:21:45.450" endtime="20230315 16:21:46.208"/>
</kw>
<kw name="Dismiss the modal" library="LandingPage">
<kw name="Wait Until Element Is Visible" library="SeleniumLibrary">
<arg>${modal_footer_locator}</arg>
<doc>Waits until the element ``locator`` is visible.</doc>
<status status="PASS" starttime="20230315 16:21:46.209" endtime="20230315 16:21:46.475"/>
</kw>
<kw name="Click Button" library="SeleniumLibrary">
<arg>${okay_btn_locator}</arg>
<doc>Clicks the button identified by ``locator``.</doc>
<msg timestamp="20230315 16:21:46.475" level="INFO">Clicking button 'okayBtn'.</msg>
<status status="PASS" starttime="20230315 16:21:46.475" endtime="20230315 16:21:46.545"/>
</kw>
<kw name="Wait Until Element Is Not Visible" library="SeleniumLibrary">
<arg>${modal_footer_locator}</arg>
<doc>Waits until the element ``locator`` is not visible.</doc>
<status status="PASS" starttime="20230315 16:21:46.545" endtime="20230315 16:21:46.777"/>
</kw>
<status status="PASS" starttime="20230315 16:21:46.208" endtime="20230315 16:21:46.777"/>
</kw>
<kw name="Select option" library="LandingPage">
<arg>${dropdown_value}</arg>
<kw name="Select From List By Label" library="SeleniumLibrary">
<arg>${dropdown_locator}</arg>
<arg>${option}</arg>
<doc>Selects options from selection list ``locator`` by ``labels``.</doc>
<msg timestamp="20230315 16:21:46.778" level="INFO">Selecting options from selection list 'css:select.form-control' by label Teacher.</msg>
<status status="PASS" starttime="20230315 16:21:46.778" endtime="20230315 16:21:46.859"/>
</kw>
<status status="PASS" starttime="20230315 16:21:46.777" endtime="20230315 16:21:46.859"/>
</kw>
<kw name="Sign in" library="LandingPage">
<kw name="Select Checkbox" library="SeleniumLibrary">
<arg>${checkbox_locator}</arg>
<doc>Selects the checkbox identified by ``locator``.</doc>
<msg timestamp="20230315 16:21:46.859" level="INFO">Selecting checkbox 'terms'.</msg>
<status status="PASS" starttime="20230315 16:21:46.859" endtime="20230315 16:21:46.906"/>
</kw>
<kw name="Checkbox Should Be Selected" library="SeleniumLibrary">
<arg>${checkbox_locator}</arg>
<doc>Verifies checkbox ``locator`` is selected/checked.</doc>
<msg timestamp="20230315 16:21:46.906" level="INFO">Verifying checkbox 'terms' is selected.</msg>
<status status="PASS" starttime="20230315 16:21:46.906" endtime="20230315 16:21:46.916"/>
</kw>
<kw name="Click Button" library="SeleniumLibrary">
<arg>${signin_btn_locator}</arg>
<doc>Clicks the button identified by ``locator``.</doc>
<msg timestamp="20230315 16:21:46.917" level="INFO">Clicking button 'signInBtn'.</msg>
<status status="PASS" starttime="20230315 16:21:46.916" endtime="20230315 16:21:46.971"/>
</kw>
<status status="PASS" starttime="20230315 16:21:46.859" endtime="20230315 16:21:46.971"/>
</kw>
<kw name="Wait for checkout button to appear" library="ShopPage">
<kw name="Wait Until Element Is Visible" library="SeleniumLibrary">
<arg>${checkout_locator}</arg>
<doc>Waits until the element ``locator`` is visible.</doc>
<status status="PASS" starttime="20230315 16:21:46.972" endtime="20230315 16:21:55.597"/>
</kw>
<status status="PASS" starttime="20230315 16:21:46.972" endtime="20230315 16:21:55.597"/>
</kw>
<kw name="Close Browser" library="SeleniumLibrary" type="TEARDOWN">
<doc>Closes the current browser.</doc>
<status status="PASS" starttime="20230315 16:21:55.597" endtime="20230315 16:21:55.678"/>
</kw>
<status status="PASS" starttime="20230315 16:21:33.862" endtime="20230315 16:21:55.678"/>
</test>
<doc>To validate the login form</doc>
<status status="PASS" starttime="20230315 16:21:33.769" endtime="20230315 16:21:55.679"/>
</suite>
<statistics>
<total>
<stat pass="1" fail="0" skip="0">All Tests</stat>
</total>
<tag>
</tag>
<suite>
<stat pass="1" fail="0" skip="0" id="s1" name="testDemo6">testDemo6</stat>
</suite>
</statistics>
<errors>
</errors>
</robot>
